<?xml version="1.0" encoding="UTF-8"?>
<!-- Generated by org.testng.reporters.JUnitXMLReporter -->
<testsuite ignored="0" hostname="DESKTOP-5PUA4L6" failures="0" tests="3" name="ChromeTest" time="30.098" errors="0" timestamp="2022-08-04T22:18:15 IST">
  <testcase classname="com.SauceDemo.TestClasses.T002VerifyLogoutFunctionality" name="logoutFunctionality" time="0.066"/>
  <testcase classname="com.SauceDemo.TestClasses.T001VerifyLoginFunctionality" name="loginFunctionality" time="0.294"/>
  <testcase classname="com.SauceDemo.TestClasses.T003VerifyAddToCartFunctionality" name="singleProductAddToCartFunctionality" time="5.428"/>
</testsuite> <!-- ChromeTest -->
